<?xml version="1.0" encoding="UTF-8"?>
<!-- Generated by org.testng.reporters.JUnitReportReporter -->
<testsuite hostname="LAPTOP-4DJRFU6J" failures="0" tests="3" name="testSample" time="83.151" errors="0" timestamp="2024-08-01T16:33:25 IST" skipped="0">
  <testcase classname="testSample" name="GoogleTest" time="29.851"/>
  <testcase classname="testSample" name="GoogleTest" time="25.312"/>
  <testcase classname="testSample" name="GoogleTest" time="27.988"/>
</testsuite> <!-- testSample -->
