<?xml version="1.0" encoding="UTF-8"?>
<!-- Generated by org.testng.reporters.JUnitReportReporter -->
<testsuite hostname="LAPTOP-4DJRFU6J" failures="0" tests="3" name="excelTest" time="121.573" errors="0" timestamp="2024-08-01T16:30:31 IST" skipped="0">
  <testcase classname="excelTest" name="GoogleSearchTest" time="45.750"/>
  <testcase classname="excelTest" name="GoogleSearchTest" time="40.469"/>
  <testcase classname="excelTest" name="GoogleSearchTest" time="35.354"/>
</testsuite> <!-- excelTest -->
